<?xml version="1.0" encoding="UTF-8"?>
<robot generator="Robot 4.1.2 (Python 3.10.1 on win32)" generated="20211216 20:52:08.566" rpa="false" schemaversion="2">
<suite id="s1" name="ForLoopTest" source="c:\Users\RamSchool\Documents\RobotPageObjectModel\TestCases\ForLoopTest.robot">
<test id="s1-t1" name="ForLoop">
<for flavor="IN RANGE">
<var>${e}</var>
<value>1</value>
<value>10</value>
<iter>
<var name="${e}">1</var>
<kw name="Log To Console" library="BuiltIn">
<arg>${e}</arg>
<doc>Logs the given message to the console.</doc>
<status status="PASS" starttime="20211216 20:52:08.589" endtime="20211216 20:52:08.590"/>
</kw>
<status status="PASS" starttime="20211216 20:52:08.589" endtime="20211216 20:52:08.590"/>
</iter>
<iter>
<var name="${e}">2</var>
<kw name="Log To Console" library="BuiltIn">
<arg>${e}</arg>
<doc>Logs the given message to the console.</doc>
<status status="PASS" starttime="20211216 20:52:08.590" endtime="20211216 20:52:08.591"/>
</kw>
<status status="PASS" starttime="20211216 20:52:08.590" endtime="20211216 20:52:08.591"/>
</iter>
<iter>
<var name="${e}">3</var>
<kw name="Log To Console" library="BuiltIn">
<arg>${e}</arg>
<doc>Logs the given message to the console.</doc>
<status status="PASS" starttime="20211216 20:52:08.591" endtime="20211216 20:52:08.591"/>
</kw>
<status status="PASS" starttime="20211216 20:52:08.591" endtime="20211216 20:52:08.591"/>
</iter>
<iter>
<var name="${e}">4</var>
<kw name="Log To Console" library="BuiltIn">
<arg>${e}</arg>
<doc>Logs the given message to the console.</doc>
<status status="PASS" starttime="20211216 20:52:08.591" endtime="20211216 20:52:08.592"/>
</kw>
<status status="PASS" starttime="20211216 20:52:08.591" endtime="20211216 20:52:08.592"/>
</iter>
<iter>
<var name="${e}">5</var>
<kw name="Log To Console" library="BuiltIn">
<arg>${e}</arg>
<doc>Logs the given message to the console.</doc>
<status status="PASS" starttime="20211216 20:52:08.592" endtime="20211216 20:52:08.592"/>
</kw>
<status status="PASS" starttime="20211216 20:52:08.592" endtime="20211216 20:52:08.592"/>
</iter>
<iter>
<var name="${e}">6</var>
<kw name="Log To Console" library="BuiltIn">
<arg>${e}</arg>
<doc>Logs the given message to the console.</doc>
<status status="PASS" starttime="20211216 20:52:08.592" endtime="20211216 20:52:08.593"/>
</kw>
<status status="PASS" starttime="20211216 20:52:08.592" endtime="20211216 20:52:08.593"/>
</iter>
<iter>
<var name="${e}">7</var>
<kw name="Log To Console" library="BuiltIn">
<arg>${e}</arg>
<doc>Logs the given message to the console.</doc>
<status status="PASS" starttime="20211216 20:52:08.593" endtime="20211216 20:52:08.593"/>
</kw>
<status status="PASS" starttime="20211216 20:52:08.593" endtime="20211216 20:52:08.593"/>
</iter>
<iter>
<var name="${e}">8</var>
<kw name="Log To Console" library="BuiltIn">
<arg>${e}</arg>
<doc>Logs the given message to the console.</doc>
<status status="PASS" starttime="20211216 20:52:08.593" endtime="20211216 20:52:08.594"/>
</kw>
<status status="PASS" starttime="20211216 20:52:08.593" endtime="20211216 20:52:08.594"/>
</iter>
<iter>
<var name="${e}">9</var>
<kw name="Log To Console" library="BuiltIn">
<arg>${e}</arg>
<doc>Logs the given message to the console.</doc>
<status status="PASS" starttime="20211216 20:52:08.594" endtime="20211216 20:52:08.594"/>
</kw>
<status status="PASS" starttime="20211216 20:52:08.594" endtime="20211216 20:52:08.594"/>
</iter>
<status status="PASS" starttime="20211216 20:52:08.588" endtime="20211216 20:52:08.594"/>
</for>
<status status="PASS" starttime="20211216 20:52:08.588" endtime="20211216 20:52:08.595"/>
</test>
<status status="PASS" starttime="20211216 20:52:08.567" endtime="20211216 20:52:08.595"/>
</suite>
<statistics>
<total>
<stat pass="1" fail="0" skip="0">All Tests</stat>
</total>
<tag>
</tag>
<suite>
<stat pass="1" fail="0" skip="0" id="s1" name="ForLoopTest">ForLoopTest</stat>
</suite>
</statistics>
<errors>
</errors>
</robot>
